<?xml version="1.0" encoding="UTF-8"?>
<coverage generated="1720103241647" clover="3.2.0">
  <project timestamp="1720103241648" name="All files">
    <metrics statements="3" coveredstatements="3" conditionals="0" coveredconditionals="0" methods="2" coveredmethods="2" elements="5" coveredelements="5" complexity="0" loc="3" ncloc="3" packages="1" files="1" classes="1"/>
    <file name="calculator.js" path="C:\Users\frank\Desktop\FULL WEB DEV\Week 12 M6.1\Section 2 -  Unit Testing\3 - Jest Testing - JS - Exercise\calculator.js">
      <metrics statements="3" coveredstatements="3" conditionals="0" coveredconditionals="0" methods="2" coveredmethods="2"/>
      <line num="2" count="1" type="stmt"/>
      <line num="6" count="1" type="stmt"/>
      <line num="9" count="1" type="stmt"/>
    </file>
  </project>
</coverage>
